<?xml version="1.0" encoding="UTF-8"?>
<testsuite xmlns:xsi="http://www.w3.org/2001/XMLSchema-instance" xsi:noNamespaceSchemaLocation="https://maven.apache.org/surefire/maven-surefire-plugin/xsd/surefire-test-report.xsd" name="TestSuite" time="27.304" tests="4" errors="0" skipped="0" failures="4">
  <properties>
[...]
</properties>
  <testcase name="buildConfigurationTest" classname="com.example.teamcity.api.BuildConfigurationTest" time="6.73">
    <failure message="1 expectation failed.&#10;Expected status code &lt;200&gt; but was &lt;503&gt;.&#10;" type="java.lang.AssertionError"><![CDATA[java.lang.AssertionError: 
1 expectation failed.
Expected status code <200> but was <503>.

	at com.example.teamcity.api.BuildConfigurationTest.buildConfigurationTest(BuildConfigurationTest.java:39)
]]></failure>
    <system-out><![CDATA[Request method:	POST
Request URI:	http://:@192.168.1.147:8111/app/rest/users
Proxy:			<none>
Request params:	<none>
Query params:	<none>
Form params:	<none>
Path params:	<none>
Headers:		Accept=application/json, application/javascript, text/javascript, text/json
				Content-Type=application/json
Cookies:		<none>
Multiparts:		<none>
Body:
{
    "username": "test_BPPcAylIKJ",
    "password": "test_NYzOVwpomB",
    "email": "test_hfgYUNyYLm@gmail.com",
    "roles": {
        "role": [
            {
                "roleId": "SYSTEM_ADMIN",
                "scope": "g"
            }
        ]
    }
}
HTTP/1.1 503 
TeamCity-Node-Id: MAIN_SERVER
Pragma: no-cache
Expires: Thu, 01 Jan 1970 00:00:00 GMT
Cache-Control: no-cache
Cache-Control: no-store
Set-Cookie: TCSESSIONID=ACB1DC6F2E9B23415E80E2D84C486AF6; Path=/; HttpOnly
Content-Type: text/html;charset=UTF-8
Transfer-Encoding: chunked
Date: Sat, 10 Feb 2024 07:37:14 GMT
Connection: close

<html>
  <head>
    <title>TeamCity Maintenance — TeamCity</title>
    <link rel="shortcut icon" href="/favicon.ico" type="image/x-icon"/>
    <meta http-equiv="content-type" content="text/html; charset=UTF-8"/>
    <meta name="application-name" content="TeamCity"/>
    <meta name="description" content="Powerful Continuous Integration and Build Server"/>
    <link href="/css/FontAwesome/css/font-awesome.min.css" type="text/css" rel="stylesheet"/>
    <link href="/css/main.css?v129421" type="text/css" rel="stylesheet"/>
    <link href="/css/icons.css?v129421" type="text/css" rel="stylesheet"/>
    <link href="/css/maintenance-initialPages-common.css?v129421" type="text/css" rel="stylesheet"/>
    <link href="/maintenance/maintenance.css?v129421" type="text/css" rel="stylesheet"/>
    <script type="text/javascript" src="/js/bs/ua.js"/>
    <script type="text/javascript" src="/js/ring/jquery.js"/>
    <script type="text/javascript" src="/js/ring/jquery-migrate.min.js"/>
    <script type="text/javascript" src="/js/jquery/jquery.z-index.js"/>
    <script type="text/javascript" src="/maintenance/maintenance.js"/>
    <script type="text/javascript" src="/js/clipboard.min.js"/>
    <script type="text/javascript" src="/js/bs/bs-clipboard.js"/>
    <script type="text/javascript">
    BS.Maintenance.webPrefix = "";
    BS.Maintenance.stateRevision = 18;
    BS.Maintenance.activeStage = false;
  </script>
  </head>
  <body>
    <div id="startScreen">
      <div class="page-content-wrapper">
        <div id="pageContent">
          <span class="logo"/>
          <h1>TeamCity Maintenance</h1>
          <p class="stage-status">
            <span class="stage-admin-required-to-proceed tc-icon icon16 tc-icon_attention tc-icon_attention_yellow stage-status__icon"/>
            <span class="stage-status__description" id="stageDescription">Setting up database connection</span>
          </p>
          <noscript>
            <div class="nojs-message">
          Please enable JavaScript in your browser to access TeamCity.
        </div>
          </noscript>
          <div id="nestedPageContent">
            <p class="admin-info">

    TeamCity server requires technical maintenance.
      1 administrator already logged in.

</p>
            <div id="admin-welcome-link">
              <a shape="rect" href="#" onclick="{BS.Maintenance.saveRedirectedFromAndGoToMaintenance(); return false;}">I'm a server administrator, show me the details</a>
            </div>
          </div>
          <div id="footer2">
        TeamCity 2023.05.4 (build 129421)
      </div>
        </div>
      </div>
    </div>
    <script type="text/javascript">
    BS.Maintenance.scheduleCheckAndRefresh();

    $(document).ready(function() {
      $('.btn_enable_on_load').prop('disabled', false)
    });
  </script>
  </body>
</html>
]]></system-out>
  </testcase>
  <testcase name="authorizedUserShouldBeAbleCreateNewProject" classname="com.example.teamcity.ui.CreateNewProjectTest" time="0.164">
    <failure message="1 expectation failed.&#10;Expected status code &lt;200&gt; but was &lt;503&gt;.&#10;" type="java.lang.AssertionError"><![CDATA[java.lang.AssertionError: 
1 expectation failed.
Expected status code <200> but was <503>.

	at com.example.teamcity.ui.CreateNewProjectTest.authorizedUserShouldBeAbleCreateNewProject(CreateNewProjectTest.java:23)
]]></failure>
    <system-out><![CDATA[Request method:	DELETE
Request URI:	http://test_BPPcAylIKJ:test_NYzOVwpomB@192.168.1.147:8111/app/rest/projects/id%3Atest_UBXXGVsycg
Proxy:			<none>
Request params:	<none>
Query params:	<none>
Form params:	<none>
Path params:	<none>
Headers:		Accept=application/json, application/javascript, text/javascript, text/json
				Content-Type=application/json
Cookies:		<none>
Multiparts:		<none>
Body:			<none>
HTTP/1.1 405 
TeamCity-Node-Id: MAIN_SERVER
Pragma: no-cache
Expires: Thu, 01 Jan 1970 00:00:00 GMT
Cache-Control: no-cache
Cache-Control: no-store
Content-Length: 0
Date: Sat, 10 Feb 2024 07:37:15 GMT
Keep-Alive: timeout=60
Connection: keep-alive
Request method:	DELETE
Request URI:	http://:@192.168.1.147:8111/app/rest/users/username%3Atest_BPPcAylIKJ
Proxy:			<none>
Request params:	<none>
Query params:	<none>
Form params:	<none>
Path params:	<none>
Headers:		Accept=application/json, application/javascript, text/javascript, text/json
				Content-Type=application/json
Cookies:		<none>
Multiparts:		<none>
Body:			<none>
HTTP/1.1 405 
TeamCity-Node-Id: MAIN_SERVER
Pragma: no-cache
Expires: Thu, 01 Jan 1970 00:00:00 GMT
Cache-Control: no-cache
Cache-Control: no-store
Content-Length: 0
Date: Sat, 10 Feb 2024 07:37:15 GMT
Keep-Alive: timeout=60
Connection: keep-alive
Request method:	POST
Request URI:	http://:@192.168.1.147:8111/app/rest/users
Proxy:			<none>
Request params:	<none>
Query params:	<none>
Form params:	<none>
Path params:	<none>
Headers:		Accept=application/json, application/javascript, text/javascript, text/json
				Content-Type=application/json
Cookies:		<none>
Multiparts:		<none>
Body:
{
    "username": "test_ZIBKitGKrx",
    "password": "test_kqFQVvcadJ",
    "email": "test_HfRXIgCLYj@gmail.com",
    "roles": {
        "role": [
            {
                "roleId": "SYSTEM_ADMIN",
                "scope": "g"
            }
        ]
    }
}
HTTP/1.1 503 
TeamCity-Node-Id: MAIN_SERVER
Pragma: no-cache
Expires: Thu, 01 Jan 1970 00:00:00 GMT
Cache-Control: no-cache
Cache-Control: no-store
Set-Cookie: TCSESSIONID=F52A515ABC995073628F16B82F839CF3; Path=/; HttpOnly
Content-Type: text/html;charset=UTF-8
Transfer-Encoding: chunked
Date: Sat, 10 Feb 2024 07:37:15 GMT
Connection: close

<html>
  <head>
    <title>TeamCity Maintenance — TeamCity</title>
    <link rel="shortcut icon" href="/favicon.ico" type="image/x-icon"/>
    <meta http-equiv="content-type" content="text/html; charset=UTF-8"/>
    <meta name="application-name" content="TeamCity"/>
    <meta name="description" content="Powerful Continuous Integration and Build Server"/>
    <link href="/css/FontAwesome/css/font-awesome.min.css" type="text/css" rel="stylesheet"/>
    <link href="/css/main.css?v129421" type="text/css" rel="stylesheet"/>
    <link href="/css/icons.css?v129421" type="text/css" rel="stylesheet"/>
    <link href="/css/maintenance-initialPages-common.css?v129421" type="text/css" rel="stylesheet"/>
    <link href="/maintenance/maintenance.css?v129421" type="text/css" rel="stylesheet"/>
    <script type="text/javascript" src="/js/bs/ua.js"/>
    <script type="text/javascript" src="/js/ring/jquery.js"/>
    <script type="text/javascript" src="/js/ring/jquery-migrate.min.js"/>
    <script type="text/javascript" src="/js/jquery/jquery.z-index.js"/>
    <script type="text/javascript" src="/maintenance/maintenance.js"/>
    <script type="text/javascript" src="/js/clipboard.min.js"/>
    <script type="text/javascript" src="/js/bs/bs-clipboard.js"/>
    <script type="text/javascript">
    BS.Maintenance.webPrefix = "";
    BS.Maintenance.stateRevision = 18;
    BS.Maintenance.activeStage = false;
  </script>
  </head>
  <body>
    <div id="startScreen">
      <div class="page-content-wrapper">
        <div id="pageContent">
          <span class="logo"/>
          <h1>TeamCity Maintenance</h1>
          <p class="stage-status">
            <span class="stage-admin-required-to-proceed tc-icon icon16 tc-icon_attention tc-icon_attention_yellow stage-status__icon"/>
            <span class="stage-status__description" id="stageDescription">Setting up database connection</span>
          </p>
          <noscript>
            <div class="nojs-message">
          Please enable JavaScript in your browser to access TeamCity.
        </div>
          </noscript>
          <div id="nestedPageContent">
            <p class="admin-info">

    TeamCity server requires technical maintenance.
      1 administrator already logged in.

</p>
            <div id="admin-welcome-link">
              <a shape="rect" href="#" onclick="{BS.Maintenance.saveRedirectedFromAndGoToMaintenance(); return false;}">I'm a server administrator, show me the details</a>
            </div>
          </div>
          <div id="footer2">
        TeamCity 2023.05.4 (build 129421)
      </div>
        </div>
      </div>
    </div>
    <script type="text/javascript">
    BS.Maintenance.scheduleCheckAndRefresh();

    $(document).ready(function() {
      $('.btn_enable_on_load').prop('disabled', false)
    });
  </script>
  </body>
</html>
]]></system-out>
  </testcase>
  <testcase name="authorizedUserShouldNotBeAbleCreateNewProjectWithoutBuildConfigName" classname="com.example.teamcity.ui.CreateNewProjectTest" time="0.14">
    <failure message="1 expectation failed.&#10;Expected status code &lt;200&gt; but was &lt;503&gt;.&#10;" type="java.lang.AssertionError"><![CDATA[java.lang.AssertionError: 
1 expectation failed.
Expected status code <200> but was <503>.

	at com.example.teamcity.ui.CreateNewProjectTest.authorizedUserShouldNotBeAbleCreateNewProjectWithoutBuildConfigName(CreateNewProjectTest.java:86)
]]></failure>
    <system-out><![CDATA[Request method:	DELETE
Request URI:	http://test_BPPcAylIKJ:test_NYzOVwpomB@192.168.1.147:8111/app/rest/projects/id%3Atest_UBXXGVsycg
Proxy:			<none>
Request params:	<none>
Query params:	<none>
Form params:	<none>
Path params:	<none>
Headers:		Accept=application/json, application/javascript, text/javascript, text/json
				Content-Type=application/json
Cookies:		<none>
Multiparts:		<none>
Body:			<none>
HTTP/1.1 405 
TeamCity-Node-Id: MAIN_SERVER
Pragma: no-cache
Expires: Thu, 01 Jan 1970 00:00:00 GMT
Cache-Control: no-cache
Cache-Control: no-store
Content-Length: 0
Date: Sat, 10 Feb 2024 07:37:15 GMT
Keep-Alive: timeout=60
Connection: keep-alive
Request method:	DELETE
Request URI:	http://:@192.168.1.147:8111/app/rest/users/username%3Atest_BPPcAylIKJ
Proxy:			<none>
Request params:	<none>
Query params:	<none>
Form params:	<none>
Path params:	<none>
Headers:		Accept=application/json, application/javascript, text/javascript, text/json
				Content-Type=application/json
Cookies:		<none>
Multiparts:		<none>
Body:			<none>
HTTP/1.1 405 
TeamCity-Node-Id: MAIN_SERVER
Pragma: no-cache
Expires: Thu, 01 Jan 1970 00:00:00 GMT
Cache-Control: no-cache
Cache-Control: no-store
Content-Length: 0
Date: Sat, 10 Feb 2024 07:37:15 GMT
Keep-Alive: timeout=60
Connection: keep-alive
Request method:	DELETE
Request URI:	http://test_ZIBKitGKrx:test_kqFQVvcadJ@192.168.1.147:8111/app/rest/projects/id%3Atest_TyYuwvYIbm
Proxy:			<none>
Request params:	<none>
Query params:	<none>
Form params:	<none>
Path params:	<none>
Headers:		Accept=application/json, application/javascript, text/javascript, text/json
				Content-Type=application/json
Cookies:		<none>
Multiparts:		<none>
Body:			<none>
HTTP/1.1 405 
TeamCity-Node-Id: MAIN_SERVER
Pragma: no-cache
Expires: Thu, 01 Jan 1970 00:00:00 GMT
Cache-Control: no-cache
Cache-Control: no-store
Content-Length: 0
Date: Sat, 10 Feb 2024 07:37:15 GMT
Keep-Alive: timeout=60
Connection: keep-alive
Request method:	DELETE
Request URI:	http://:@192.168.1.147:8111/app/rest/users/username%3Atest_ZIBKitGKrx
Proxy:			<none>
Request params:	<none>
Query params:	<none>
Form params:	<none>
Path params:	<none>
Headers:		Accept=application/json, application/javascript, text/javascript, text/json
				Content-Type=application/json
Cookies:		<none>
Multiparts:		<none>
Body:			<none>
HTTP/1.1 405 
TeamCity-Node-Id: MAIN_SERVER
Pragma: no-cache
Expires: Thu, 01 Jan 1970 00:00:00 GMT
Cache-Control: no-cache
Cache-Control: no-store
Content-Length: 0
Date: Sat, 10 Feb 2024 07:37:15 GMT
Keep-Alive: timeout=60
Connection: keep-alive
Request method:	GET
Request URI:	http://:@192.168.1.147:8111/app/rest/projects
Proxy:			<none>
Request params:	<none>
Query params:	<none>
Form params:	<none>
Path params:	<none>
Headers:		Accept=application/json, application/javascript, text/javascript, text/json
				Content-Type=application/json
Cookies:		<none>
Multiparts:		<none>
Body:			<none>
HTTP/1.1 503 
TeamCity-Node-Id: MAIN_SERVER
Pragma: no-cache
Expires: Thu, 01 Jan 1970 00:00:00 GMT
Cache-Control: no-cache
Cache-Control: no-store
Set-Cookie: TCSESSIONID=D98B3DECC43745D528AEA4B3DBCE6710; Path=/; HttpOnly
Content-Type: text/html;charset=UTF-8
Transfer-Encoding: chunked
Date: Sat, 10 Feb 2024 07:37:17 GMT
Connection: close

<html>
  <head>
    <title>TeamCity Maintenance — TeamCity</title>
    <link rel="shortcut icon" href="/favicon.ico" type="image/x-icon"/>
    <meta http-equiv="content-type" content="text/html; charset=UTF-8"/>
    <meta name="application-name" content="TeamCity"/>
    <meta name="description" content="Powerful Continuous Integration and Build Server"/>
    <link href="/css/FontAwesome/css/font-awesome.min.css" type="text/css" rel="stylesheet"/>
    <link href="/css/main.css?v129421" type="text/css" rel="stylesheet"/>
    <link href="/css/icons.css?v129421" type="text/css" rel="stylesheet"/>
    <link href="/css/maintenance-initialPages-common.css?v129421" type="text/css" rel="stylesheet"/>
    <link href="/maintenance/maintenance.css?v129421" type="text/css" rel="stylesheet"/>
    <script type="text/javascript" src="/js/bs/ua.js"/>
    <script type="text/javascript" src="/js/ring/jquery.js"/>
    <script type="text/javascript" src="/js/ring/jquery-migrate.min.js"/>
    <script type="text/javascript" src="/js/jquery/jquery.z-index.js"/>
    <script type="text/javascript" src="/maintenance/maintenance.js"/>
    <script type="text/javascript" src="/js/clipboard.min.js"/>
    <script type="text/javascript" src="/js/bs/bs-clipboard.js"/>
    <script type="text/javascript">
    BS.Maintenance.webPrefix = "";
    BS.Maintenance.stateRevision = 18;
    BS.Maintenance.activeStage = false;
  </script>
  </head>
  <body>
    <div id="startScreen">
      <div class="page-content-wrapper">
        <div id="pageContent">
          <span class="logo"/>
          <h1>TeamCity Maintenance</h1>
          <p class="stage-status">
            <span class="stage-admin-required-to-proceed tc-icon icon16 tc-icon_attention tc-icon_attention_yellow stage-status__icon"/>
            <span class="stage-status__description" id="stageDescription">Setting up database connection</span>
          </p>
          <noscript>
            <div class="nojs-message">
          Please enable JavaScript in your browser to access TeamCity.
        </div>
          </noscript>
          <div id="nestedPageContent">
            <p class="admin-info">

    TeamCity server requires technical maintenance.
      1 administrator already logged in.

</p>
            <div id="admin-welcome-link">
              <a shape="rect" href="#" onclick="{BS.Maintenance.saveRedirectedFromAndGoToMaintenance(); return false;}">I'm a server administrator, show me the details</a>
            </div>
          </div>
          <div id="footer2">
        TeamCity 2023.05.4 (build 129421)
      </div>
        </div>
      </div>
    </div>
    <script type="text/javascript">
    BS.Maintenance.scheduleCheckAndRefresh();

    $(document).ready(function() {
      $('.btn_enable_on_load').prop('disabled', false)
    });
  </script>
  </body>
</html>
]]></system-out>
  </testcase>
  <testcase name="authorizedUserShouldNotBeAbleCreateNewProjectWithoutProjectName" classname="com.example.teamcity.ui.CreateNewProjectTest" time="0.243">
    <failure message="1 expectation failed.&#10;Expected status code &lt;200&gt; but was &lt;503&gt;.&#10;" type="java.lang.AssertionError"><![CDATA[java.lang.AssertionError: 
1 expectation failed.
Expected status code <200> but was <503>.

	at com.example.teamcity.ui.CreateNewProjectTest.authorizedUserShouldNotBeAbleCreateNewProjectWithoutProjectName(CreateNewProjectTest.java:50)
]]></failure>
    <system-out><![CDATA[Request method:	DELETE
Request URI:	http://test_BPPcAylIKJ:test_NYzOVwpomB@192.168.1.147:8111/app/rest/projects/id%3Atest_UBXXGVsycg
Proxy:			<none>
Request params:	<none>
Query params:	<none>
Form params:	<none>
Path params:	<none>
Headers:		Accept=application/json, application/javascript, text/javascript, text/json
				Content-Type=application/json
Cookies:		<none>
Multiparts:		<none>
Body:			<none>
HTTP/1.1 405 
TeamCity-Node-Id: MAIN_SERVER
Pragma: no-cache
Expires: Thu, 01 Jan 1970 00:00:00 GMT
Cache-Control: no-cache
Cache-Control: no-store
Content-Length: 0
Date: Sat, 10 Feb 2024 07:37:17 GMT
Keep-Alive: timeout=60
Connection: keep-alive
Request method:	DELETE
Request URI:	http://:@192.168.1.147:8111/app/rest/users/username%3Atest_BPPcAylIKJ
Proxy:			<none>
Request params:	<none>
Query params:	<none>
Form params:	<none>
Path params:	<none>
Headers:		Accept=application/json, application/javascript, text/javascript, text/json
				Content-Type=application/json
Cookies:		<none>
Multiparts:		<none>
Body:			<none>
HTTP/1.1 405 
TeamCity-Node-Id: MAIN_SERVER
Pragma: no-cache
Expires: Thu, 01 Jan 1970 00:00:00 GMT
Cache-Control: no-cache
Cache-Control: no-store
Content-Length: 0
Date: Sat, 10 Feb 2024 07:37:17 GMT
Keep-Alive: timeout=60
Connection: keep-alive
Request method:	DELETE
Request URI:	http://test_ZIBKitGKrx:test_kqFQVvcadJ@192.168.1.147:8111/app/rest/projects/id%3Atest_TyYuwvYIbm
Proxy:			<none>
Request params:	<none>
Query params:	<none>
Form params:	<none>
Path params:	<none>
Headers:		Accept=application/json, application/javascript, text/javascript, text/json
				Content-Type=application/json
Cookies:		<none>
Multiparts:		<none>
Body:			<none>
HTTP/1.1 405 
TeamCity-Node-Id: MAIN_SERVER
Pragma: no-cache
Expires: Thu, 01 Jan 1970 00:00:00 GMT
Cache-Control: no-cache
Cache-Control: no-store
Content-Length: 0
Date: Sat, 10 Feb 2024 07:37:17 GMT
Keep-Alive: timeout=60
Connection: keep-alive
Request method:	DELETE
Request URI:	http://:@192.168.1.147:8111/app/rest/users/username%3Atest_ZIBKitGKrx
Proxy:			<none>
Request params:	<none>
Query params:	<none>
Form params:	<none>
Path params:	<none>
Headers:		Accept=application/json, application/javascript, text/javascript, text/json
				Content-Type=application/json
Cookies:		<none>
Multiparts:		<none>
Body:			<none>
HTTP/1.1 405 
TeamCity-Node-Id: MAIN_SERVER
Pragma: no-cache
Expires: Thu, 01 Jan 1970 00:00:00 GMT
Cache-Control: no-cache
Cache-Control: no-store
Content-Length: 0
Date: Sat, 10 Feb 2024 07:37:17 GMT
Keep-Alive: timeout=60
Connection: keep-alive
Request method:	DELETE
Request URI:	http://test_lZTfBxTdIy:test_uMqGywRTwU@192.168.1.147:8111/app/rest/projects/id%3Atest_FyLBnYzfBi
Proxy:			<none>
Request params:	<none>
Query params:	<none>
Form params:	<none>
Path params:	<none>
Headers:		Accept=application/json, application/javascript, text/javascript, text/json
				Content-Type=application/json
Cookies:		<none>
Multiparts:		<none>
Body:			<none>
HTTP/1.1 405 
TeamCity-Node-Id: MAIN_SERVER
Pragma: no-cache
Expires: Thu, 01 Jan 1970 00:00:00 GMT
Cache-Control: no-cache
Cache-Control: no-store
Content-Length: 0
Date: Sat, 10 Feb 2024 07:37:17 GMT
Keep-Alive: timeout=60
Connection: keep-alive
Request method:	DELETE
Request URI:	http://:@192.168.1.147:8111/app/rest/users/username%3Atest_lZTfBxTdIy
Proxy:			<none>
Request params:	<none>
Query params:	<none>
Form params:	<none>
Path params:	<none>
Headers:		Accept=application/json, application/javascript, text/javascript, text/json
				Content-Type=application/json
Cookies:		<none>
Multiparts:		<none>
Body:			<none>
HTTP/1.1 405 
TeamCity-Node-Id: MAIN_SERVER
Pragma: no-cache
Expires: Thu, 01 Jan 1970 00:00:00 GMT
Cache-Control: no-cache
Cache-Control: no-store
Content-Length: 0
Date: Sat, 10 Feb 2024 07:37:17 GMT
Keep-Alive: timeout=60
Connection: keep-alive
Request method:	GET
Request URI:	http://:@192.168.1.147:8111/app/rest/projects
Proxy:			<none>
Request params:	<none>
Query params:	<none>
Form params:	<none>
Path params:	<none>
Headers:		Accept=application/json, application/javascript, text/javascript, text/json
				Content-Type=application/json
Cookies:		<none>
Multiparts:		<none>
Body:			<none>
HTTP/1.1 503 
TeamCity-Node-Id: MAIN_SERVER
Pragma: no-cache
Expires: Thu, 01 Jan 1970 00:00:00 GMT
Cache-Control: no-cache
Cache-Control: no-store
Set-Cookie: TCSESSIONID=D4E2AFE370B27B6701B899E176F8A55D; Path=/; HttpOnly
Content-Type: text/html;charset=UTF-8
Transfer-Encoding: chunked
Date: Sat, 10 Feb 2024 07:37:17 GMT
Connection: close

<html>
  <head>
    <title>TeamCity Maintenance — TeamCity</title>
    <link rel="shortcut icon" href="/favicon.ico" type="image/x-icon"/>
    <meta http-equiv="content-type" content="text/html; charset=UTF-8"/>
    <meta name="application-name" content="TeamCity"/>
    <meta name="description" content="Powerful Continuous Integration and Build Server"/>
    <link href="/css/FontAwesome/css/font-awesome.min.css" type="text/css" rel="stylesheet"/>
    <link href="/css/main.css?v129421" type="text/css" rel="stylesheet"/>
    <link href="/css/icons.css?v129421" type="text/css" rel="stylesheet"/>
    <link href="/css/maintenance-initialPages-common.css?v129421" type="text/css" rel="stylesheet"/>
    <link href="/maintenance/maintenance.css?v129421" type="text/css" rel="stylesheet"/>
    <script type="text/javascript" src="/js/bs/ua.js"/>
    <script type="text/javascript" src="/js/ring/jquery.js"/>
    <script type="text/javascript" src="/js/ring/jquery-migrate.min.js"/>
    <script type="text/javascript" src="/js/jquery/jquery.z-index.js"/>
    <script type="text/javascript" src="/maintenance/maintenance.js"/>
    <script type="text/javascript" src="/js/clipboard.min.js"/>
    <script type="text/javascript" src="/js/bs/bs-clipboard.js"/>
    <script type="text/javascript">
    BS.Maintenance.webPrefix = "";
    BS.Maintenance.stateRevision = 18;
    BS.Maintenance.activeStage = false;
  </script>
  </head>
  <body>
    <div id="startScreen">
      <div class="page-content-wrapper">
        <div id="pageContent">
          <span class="logo"/>
          <h1>TeamCity Maintenance</h1>
          <p class="stage-status">
            <span class="stage-admin-required-to-proceed tc-icon icon16 tc-icon_attention tc-icon_attention_yellow stage-status__icon"/>
            <span class="stage-status__description" id="stageDescription">Setting up database connection</span>
          </p>
          <noscript>
            <div class="nojs-message">
          Please enable JavaScript in your browser to access TeamCity.
        </div>
          </noscript>
          <div id="nestedPageContent">
            <p class="admin-info">

    TeamCity server requires technical maintenance.
      1 administrator already logged in.

</p>
            <div id="admin-welcome-link">
              <a shape="rect" href="#" onclick="{BS.Maintenance.saveRedirectedFromAndGoToMaintenance(); return false;}">I'm a server administrator, show me the details</a>
            </div>
          </div>
          <div id="footer2">
        TeamCity 2023.05.4 (build 129421)
      </div>
        </div>
      </div>
    </div>
    <script type="text/javascript">
    BS.Maintenance.scheduleCheckAndRefresh();

    $(document).ready(function() {
      $('.btn_enable_on_load').prop('disabled', false)
    });
  </script>
  </body>
</html>
]]></system-out>
  </testcase>
</testsuite>