-------------------------------------------------------------------------------
Test set: TestSuite
-------------------------------------------------------------------------------
Tests run: 4, Failures: 4, Errors: 0, Skipped: 0, Time elapsed: 27.304 s <<< FAILURE! - in TestSuite
buildConfigurationTest(com.example.teamcity.api.BuildConfigurationTest)  Time elapsed: 6.73 s  <<< FAILURE!
java.lang.AssertionError: 
1 expectation failed.
Expected status code <200> but was <503>.

	at com.example.teamcity.api.BuildConfigurationTest.buildConfigurationTest(BuildConfigurationTest.java:39)

authorizedUserShouldBeAbleCreateNewProject(com.example.teamcity.ui.CreateNewProjectTest)  Time elapsed: 0.164 s  <<< FAILURE!
java.lang.AssertionError: 
1 expectation failed.
Expected status code <200> but was <503>.

	at com.example.teamcity.ui.CreateNewProjectTest.authorizedUserShouldBeAbleCreateNewProject(CreateNewProjectTest.java:23)

authorizedUserShouldNotBeAbleCreateNewProjectWithoutBuildConfigName(com.example.teamcity.ui.CreateNewProjectTest)  Time elapsed: 0.14 s  <<< FAILURE!
java.lang.AssertionError: 
1 expectation failed.
Expected status code <200> but was <503>.

	at com.example.teamcity.ui.CreateNewProjectTest.authorizedUserShouldNotBeAbleCreateNewProjectWithoutBuildConfigName(CreateNewProjectTest.java:86)

authorizedUserShouldNotBeAbleCreateNewProjectWithoutProjectName(com.example.teamcity.ui.CreateNewProjectTest)  Time elapsed: 0.243 s  <<< FAILURE!
java.lang.AssertionError: 
1 expectation failed.
Expected status code <200> but was <503>.

	at com.example.teamcity.ui.CreateNewProjectTest.authorizedUserShouldNotBeAbleCreateNewProjectWithoutProjectName(CreateNewProjectTest.java:50)

