<?xml version="1.0" encoding="UTF-8"?>
<testsuite xmlns:xsi="http://www.w3.org/2001/XMLSchema-instance" xsi:noNamespaceSchemaLocation="https://maven.apache.org/surefire/maven-surefire-plugin/xsd/surefire-test-report.xsd" name="com.example.teamcity.ui.SetupTest" time="46.48" tests="1" errors="0" skipped="0" failures="1">
  <properties>
[...]
</properties>
  <testcase name="startUpTest" classname="com.example.teamcity.ui.SetupTest" time="31.524">
    <failure message="Element not found {By.id: proceedButton}&#10;Expected: clickable: interactable and enabled&#10;Screenshot: file:/C:/Users/Marina/AquaProjects/teamcity-testing-framework/target/surefire-reports/1707550536573.0.png&#10;Page source: file:/C:/Users/Marina/AquaProjects/teamcity-testing-framework/target/surefire-reports/1707550536573.0.html&#10;Timeout: 4 s.&#10;Caused by: NoSuchElementException: Unable to locate element: #proceedButton" type="com.codeborne.selenide.ex.ElementNotFound">com.codeborne.selenide.ex.ElementNotFound: 
Element not found {By.id: proceedButton}
Expected: clickable: interactable and enabled
Screenshot: file:/C:/Users/Marina/AquaProjects/teamcity-testing-framework/target/surefire-reports/1707550536573.0.png
Page source: file:/C:/Users/Marina/AquaProjects/teamcity-testing-framework/target/surefire-reports/1707550536573.0.html
Timeout: 4 s.
Caused by: NoSuchElementException: Unable to locate element: #proceedButton
	at com.example.teamcity.ui.SetupTest.startUpTest(SetupTest.java:12)
Caused by: org.openqa.selenium.NoSuchElementException: 
Unable to locate element: #proceedButton
For documentation on this error, please visit: https://www.selenium.dev/documentation/webdriver/troubleshooting/errors#no-such-element-exception
Build info: version: '4.13.0', revision: 'ba948ece5b*'
System info: os.name: 'Windows 10', os.arch: 'amd64', os.version: '10.0', java.version: '17.0.7'
Driver info: org.openqa.selenium.remote.RemoteWebDriver
Command: [69b58052-890f-44f2-8627-7b1f6ad725d1, findElement {using=id, value=proceedButton}]
Capabilities {acceptInsecureCerts: true, browserName: firefox, browserVersion: 89.0, moz:accessibilityChecks: false, moz:buildID: 20210527174632, moz:debuggerAddress: localhost:46135, moz:geckodriverVersion: 0.29.1, moz:headless: false, moz:processID: 98, moz:profile: /tmp/rust_mozprofile5ghfFA, moz:shutdownTimeout: 60000, moz:useNonSpecCompliantPointerOrigin: false, moz:webdriverClick: true, pageLoadStrategy: normal, platformName: linux, platformVersion: 5.15.133.1-microsoft-standa..., se:cdp: ws://192.168.1.147:4444/dev..., setWindowRect: true, strictFileInteractability: false, timeouts: {implicit: 0, pageLoad: 300000, script: 30000}, unhandledPromptBehavior: accept}
Session ID: 69b58052-890f-44f2-8627-7b1f6ad725d1
	at com.example.teamcity.ui.SetupTest.startUpTest(SetupTest.java:12)
</failure>
    <system-err><![CDATA[[main] INFO com.codeborne.selenide.impl.WebDriverThreadLocalContainer - No webdriver is bound to current thread: 1 - let's create a new webdriver
[main] INFO com.codeborne.selenide.webdriver.BrowserResizer - Set browser size to 1366x768
[main] INFO com.codeborne.selenide.webdriver.WebDriverFactory - BrowserName=firefox Version=89.0 Platform=linux
[main] INFO com.codeborne.selenide.webdriver.WebDriverFactory - Selenide v. 7.0.2
[main] INFO com.codeborne.selenide.webdriver.WebDriverFactory - Selenium WebDriver v. 4.13.0 build revision: ba948ece5b*
[main] INFO com.codeborne.selenide.drivercommands.CreateDriverCommand - Created webdriver in thread 1: RemoteWebDriver -> RemoteWebDriver: firefox on linux (69b58052-890f-44f2-8627-7b1f6ad725d1), downloadsFolder: null
[main] INFO com.codeborne.selenide.drivercommands.DisposablesRegistry - Register WebDriverInstance[config=StaticConfig, webDriver=RemoteWebDriver: firefox on linux (69b58052-890f-44f2-8627-7b1f6ad725d1), proxy=null, downloadsFolder=null] in 1 [size=1]
[main] INFO com.codeborne.selenide.drivercommands.DisposablesRegistry - Add shutdown hook in 1 [size=1]
[main] INFO com.codeborne.selenide.impl.FileHelper - Creating folder: C:\Users\Marina\AquaProjects\teamcity-testing-framework\target\surefire-reports
]]></system-err>
  </testcase>
</testsuite>